[0m[[0minfo[0m] [0m[32mHistoricalRecorderTest:[0m[0m
[0m[[0minfo[0m] [0m[31m- Line should be accepted if route is in definitions or disregarded if not in definitions *** FAILED ***[0m[0m
[0m[[0minfo[0m] [0m[31m  The code passed to eventually never returned normally. Attempted 58 times over 30.201459578 seconds. Last failure message: 86 was not equal to 2. (HistoricalRecorderTest.scala:46)[0m[0m
[0m[[0minfo[0m] [0m[31m- Line should be accepted if bus stop is in definitions and rejected if not *** FAILED ***[0m[0m
[0m[[0minfo[0m] [0m[31m  java.util.NoSuchElementException: key not found: BusRoute(3,outbound)[0m[0m
[0m[[0minfo[0m] [0m[31m  at scala.collection.MapLike$class.default(MapLike.scala:228)[0m[0m
[0m[[0minfo[0m] [0m[31m  at scala.collection.AbstractMap.default(Map.scala:59)[0m[0m
[0m[[0minfo[0m] [0m[31m  at scala.collection.MapLike$class.apply(MapLike.scala:141)[0m[0m
[0m[[0minfo[0m] [0m[31m  at scala.collection.AbstractMap.apply(Map.scala:59)[0m[0m
[0m[[0minfo[0m] [0m[31m  at HistoricalRecorderTest$$anonfun$2.apply(HistoricalRecorderTest.scala:58)[0m[0m
[0m[[0minfo[0m] [0m[31m  at HistoricalRecorderTest$$anonfun$2.apply(HistoricalRecorderTest.scala:56)[0m[0m
[0m[[0minfo[0m] [0m[31m  at org.scalatest.fixture.TestSuite$TestFunAndConfigMap$$anonfun$apply$1.apply(TestSuite.scala:132)[0m[0m
[0m[[0minfo[0m] [0m[31m  at org.scalatest.OutcomeOf$class.outcomeOf(OutcomeOf.scala:85)[0m[0m
[0m[[0minfo[0m] [0m[31m  at org.scalatest.OutcomeOf$.outcomeOf(OutcomeOf.scala:104)[0m[0m
[0m[[0minfo[0m] [0m[31m  at org.scalatest.fixture.TestSuite$TestFunAndConfigMap.apply(TestSuite.scala:132)[0m[0m
[0m[[0minfo[0m] [0m[31m  ...[0m[0m
[0m[[0minfo[0m] [0m[31m- Duplicate lines received within 30 seconds should not be processed *** FAILED ***[0m[0m
[0m[[0minfo[0m] [0m[31m  java.util.NoSuchElementException: key not found: BusRoute(3,outbound)[0m[0m
[0m[[0minfo[0m] [0m[31m  at scala.collection.MapLike$class.default(MapLike.scala:228)[0m[0m
[0m[[0minfo[0m] [0m[31m  at scala.collection.AbstractMap.default(Map.scala:59)[0m[0m
[0m[[0minfo[0m] [0m[31m  at scala.collection.MapLike$class.apply(MapLike.scala:141)[0m[0m
[0m[[0minfo[0m] [0m[31m  at scala.collection.AbstractMap.apply(Map.scala:59)[0m[0m
[0m[[0minfo[0m] [0m[31m  at HistoricalRecorderTest$$anonfun$3.apply(HistoricalRecorderTest.scala:85)[0m[0m
[0m[[0minfo[0m] [0m[31m  at HistoricalRecorderTest$$anonfun$3.apply(HistoricalRecorderTest.scala:83)[0m[0m
[0m[[0minfo[0m] [0m[31m  at org.scalatest.fixture.TestSuite$TestFunAndConfigMap$$anonfun$apply$1.apply(TestSuite.scala:132)[0m[0m
[0m[[0minfo[0m] [0m[31m  at org.scalatest.OutcomeOf$class.outcomeOf(OutcomeOf.scala:85)[0m[0m
[0m[[0minfo[0m] [0m[31m  at org.scalatest.OutcomeOf$.outcomeOf(OutcomeOf.scala:104)[0m[0m
[0m[[0minfo[0m] [0m[31m  at org.scalatest.fixture.TestSuite$TestFunAndConfigMap.apply(TestSuite.scala:132)[0m[0m
[0m[[0minfo[0m] [0m[31m  ...[0m[0m
