[0m[[0mdebug[0m] [0mRunning TaskDef(historical.HistoricalRecorderTest, org.scalatest.tools.Framework$$anon$1@40754e84, false, [SuiteSelector])[0m
[0m[[0mdebug[0m] [0mRunning TaskDef(servlet.LbtServletTest, org.scalatest.tools.Framework$$anon$1@40754e84, false, [SuiteSelector])[0m
[0m[[0mdebug[0m] [0mRunning TaskDef(datasource.BusDataSourceTest, org.scalatest.tools.Framework$$anon$1@40754e84, false, [SuiteSelector])[0m
[0m[[0mdebug[0m] [0mRunning TaskDef(datasource.DataStreamProcessingTest, org.scalatest.tools.Framework$$anon$1@40754e84, false, [SuiteSelector])[0m
[0m[[0mdebug[0m] [0mRunning TaskDef(DefinitionsTest, org.scalatest.tools.Framework$$anon$1@40754e84, false, [SuiteSelector])[0m
[0m[[0mdebug[0m] [0mSummary for specs2 not available.[0m
[0m[[0minfo[0m] [0mScalaTest[0m
[0m[[0minfo[0m] [0m[36mRun completed in 4 minutes, 54 seconds.[0m[0m
[0m[[0minfo[0m] [0m[36mTotal number of tests run: 43[0m[0m
[0m[[0minfo[0m] [0m[36mSuites: completed 4, aborted 1[0m[0m
[0m[[0minfo[0m] [0m[36mTests: succeeded 28, failed 15, canceled 0, ignored 0, pending 0[0m[0m
[0m[[0minfo[0m] [0m[31m*** 1 SUITE ABORTED ***[0m[0m
[0m[[0minfo[0m] [0m[31m*** 15 TESTS FAILED ***[0m[0m
[0m[[31merror[0m] [0mError: Total 44, Failed 15, Errors 1, Passed 28[0m
[0m[[0mdebug[0m] [0mPassed tests:[0m
[0m[[0mdebug[0m] [0m	DefinitionsTest[0m
[0m[[0mdebug[0m] [0m	datasource.BusDataSourceTest[0m
[0m[[31merror[0m] [0mFailed tests:[0m
[0m[[31merror[0m] [0m	datasource.DataStreamProcessingTest[0m
[0m[[31merror[0m] [0m	historical.HistoricalRecorderTest[0m
[0m[[31merror[0m] [0mError during tests:[0m
[0m[[31merror[0m] [0m	servlet.LbtServletTest[0m
[0m[[31merror[0m] [0m(test:[31mtest[0m) sbt.TestsFailedException: Tests unsuccessful[0m
